


ARM Macro Assembler    Page 1 


    1 00000000         ;*******************************************************
                       ************************
    2 00000000         ;* File Name          : startup_stm32wba55xx.s
    3 00000000         ;* Author             : MCD Application Team
    4 00000000         ;* Description        : STM32WBA55xx Ultra Low Power dev
                       ices vector table for MDK-ARM toolchain.
    5 00000000         ;*                      This module performs:
    6 00000000         ;*                      - Set the initial SP
    7 00000000         ;*                      - Set the initial PC == Reset_Ha
                       ndler
    8 00000000         ;*                      - Set the vector table entries w
                       ith the exceptions ISR address
    9 00000000         ;*                      - Branches to __main in the C li
                       brary (which eventually
   10 00000000         ;*                        calls main()).
   11 00000000         ;*                      After Reset the Cortex-M33 proce
                       ssor is in Thread mode,
   12 00000000         ;*                      priority is Privileged, and the 
                       Stack is set to Main.
   13 00000000         ;*******************************************************
                       ************************
   14 00000000         ;*
   15 00000000         ;* Copyright (c) 2022 STMicroelectronics.
   16 00000000         ;* All rights reserved.
   17 00000000         ;*
   18 00000000         ;* This software is licensed under terms that can be fou
                       nd in the LICENSE file
   19 00000000         ;* in the root directory of this software component.
   20 00000000         ;* If no LICENSE file comes with this software, it is pr
                       ovided AS-IS.
   21 00000000         ;*
   22 00000000         ;*******************************************************
                       ************************
   23 00000000         ;* <<< Use Configuration Wizard in Context Menu >>>
   24 00000000         ;
   25 00000000         ; Amount of memory (in bytes) allocated for Stack
   26 00000000         ; Tailor this value to your application needs
   27 00000000         ; <h> Stack Configuration
   28 00000000         ;   <o> Stack Size (in Bytes) <0x0-0xFFFFFFFF:8>
   29 00000000         ; </h>
   30 00000000         
   31 00000000 00001000 
                       Stack_Size
                               EQU              0x1000
   32 00000000         
   33 00000000                 AREA             STACK, NOINIT, READWRITE, ALIGN
=3
   34 00000000         Stack_Mem
                               SPACE            Stack_Size
   35 00001000         __initial_sp
   36 00001000         
   37 00001000         
   38 00001000         ; <h> Heap Configuration
   39 00001000         ;   <o>  Heap Size (in Bytes) <0x0-0xFFFFFFFF:8>
   40 00001000         ; </h>
   41 00001000         
   42 00001000 00000000 
                       Heap_Size
                               EQU              0x0000



ARM Macro Assembler    Page 2 


   43 00001000         
   44 00001000                 AREA             HEAP, NOINIT, READWRITE, ALIGN=
3
   45 00000000         __heap_base
   46 00000000         Heap_Mem
                               SPACE            Heap_Size
   47 00000000         __heap_limit
   48 00000000         
   49 00000000         
   50 00000000                 PRESERVE8
   51 00000000                 THUMB
   52 00000000         
   53 00000000         
   54 00000000         ; Vector Table Mapped to Address 0 at Reset
   55 00000000         
   56 00000000                 AREA             RESET, DATA, READONLY
   57 00000000                 EXPORT           __Vectors
   58 00000000                 EXPORT           __Vectors_End
   59 00000000                 EXPORT           __Vectors_Size
   60 00000000         
   61 00000000 00000000 
                       __Vectors
                               DCD              __initial_sp ; Top of Stack
   62 00000004 00000000        DCD              Reset_Handler ; Reset Handler
   63 00000008 00000000        DCD              NMI_Handler ; NMI Handler
   64 0000000C 00000000        DCD              HardFault_Handler ; Hard Fault 
                                                            Handler
   65 00000010 00000000        DCD              MemManage_Handler 
                                                            ; MPU Fault Handler
                                                            
   66 00000014 00000000        DCD              BusFault_Handler 
                                                            ; Bus Fault Handler
                                                            
   67 00000018 00000000        DCD              UsageFault_Handler ; Usage Faul
                                                            t Handler
   68 0000001C 00000000        DCD              SecureFault_Handler ; Secure Fa
                                                            ult Handler
   69 00000020 00000000        DCD              0           ; Reserved
   70 00000024 00000000        DCD              0           ; Reserved
   71 00000028 00000000        DCD              0           ; Reserved
   72 0000002C 00000000        DCD              SVC_Handler ; SVCall Handler
   73 00000030 00000000        DCD              DebugMon_Handler ; Debug Monito
                                                            r Handler
   74 00000034 00000000        DCD              0           ; Reserved
   75 00000038 00000000        DCD              PendSV_Handler ; PendSV Handler
                                                            
   76 0000003C 00000000        DCD              SysTick_Handler 
                                                            ; SysTick Handler
   77 00000040         
   78 00000040         ; External Interrupts
   79 00000040 00000000        DCD              WWDG_IRQHandler 
                                                            ; Window WatchDog
   80 00000044 00000000        DCD              PVD_IRQHandler ; PVD through EX
                                                            TI Line detection I
                                                            nterrupt
   81 00000048 00000000        DCD              RTC_IRQHandler ; RTC non-secure
                                                             interrupt
   82 0000004C 00000000        DCD              RTC_S_IRQHandler ; RTC secure i
                                                            nterrupt



ARM Macro Assembler    Page 3 


   83 00000050 00000000        DCD              TAMP_IRQHandler ; Tamper non-se
                                                            cure interrupt
   84 00000054 00000000        DCD              RAMCFG_IRQHandler 
                                                            ; RAMCFG global
   85 00000058 00000000        DCD              FLASH_IRQHandler ; FLASH non-se
                                                            cure global interru
                                                            pt
   86 0000005C 00000000        DCD              FLASH_S_IRQHandler ; FLASH secu
                                                            re global interrupt
                                                            
   87 00000060 00000000        DCD              GTZC_IRQHandler ; Global TrustZ
                                                            one Controller inte
                                                            rrupt
   88 00000064 00000000        DCD              RCC_IRQHandler ; RCC non-secure
                                                             global interrupt
   89 00000068 00000000        DCD              RCC_S_IRQHandler ; RCC secure g
                                                            lobal interrupt
   90 0000006C 00000000        DCD              EXTI0_IRQHandler ; EXTI Line0 i
                                                            nterrupt
   91 00000070 00000000        DCD              EXTI1_IRQHandler ; EXTI Line1 i
                                                            nterrupt
   92 00000074 00000000        DCD              EXTI2_IRQHandler ; EXTI Line2 i
                                                            nterrupt
   93 00000078 00000000        DCD              EXTI3_IRQHandler ; EXTI Line3 i
                                                            nterrupt
   94 0000007C 00000000        DCD              EXTI4_IRQHandler ; EXTI Line4 i
                                                            nterrupt
   95 00000080 00000000        DCD              EXTI5_IRQHandler ; EXTI Line5 i
                                                            nterrupt
   96 00000084 00000000        DCD              EXTI6_IRQHandler ; EXTI Line6 i
                                                            nterrupt
   97 00000088 00000000        DCD              EXTI7_IRQHandler ; EXTI Line7 i
                                                            nterrupt
   98 0000008C 00000000        DCD              EXTI8_IRQHandler ; EXTI Line8 i
                                                            nterrupt
   99 00000090 00000000        DCD              EXTI9_IRQHandler ; EXTI Line9 i
                                                            nterrupt
  100 00000094 00000000        DCD              EXTI10_IRQHandler ; EXTI Line10
                                                             interrupt
  101 00000098 00000000        DCD              EXTI11_IRQHandler ; EXTI Line11
                                                             interrupt
  102 0000009C 00000000        DCD              EXTI12_IRQHandler ; EXTI Line12
                                                             interrupt
  103 000000A0 00000000        DCD              EXTI13_IRQHandler ; EXTI Line13
                                                             interrupt
  104 000000A4 00000000        DCD              EXTI14_IRQHandler ; EXTI Line14
                                                             interrupt
  105 000000A8 00000000        DCD              EXTI15_IRQHandler ; EXTI Line15
                                                             interrupt
  106 000000AC 00000000        DCD              IWDG_IRQHandler ; IWDG global i
                                                            nterrupt
  107 000000B0 00000000        DCD              SAES_IRQHandler ; Secure AES gl
                                                            obal interrupt 
  108 000000B4 00000000        DCD              GPDMA1_Channel0_IRQHandler ; GP
                                                            DMA1 Channel 0 glob
                                                            al interrupt
  109 000000B8 00000000        DCD              GPDMA1_Channel1_IRQHandler ; GP
                                                            DMA1 Channel 1 glob
                                                            al interrupt



ARM Macro Assembler    Page 4 


  110 000000BC 00000000        DCD              GPDMA1_Channel2_IRQHandler ; GP
                                                            DMA1 Channel 2 glob
                                                            al interrupt
  111 000000C0 00000000        DCD              GPDMA1_Channel3_IRQHandler ; GP
                                                            DMA1 Channel 3 glob
                                                            al interrupt
  112 000000C4 00000000        DCD              GPDMA1_Channel4_IRQHandler ; GP
                                                            DMA1 Channel 4 glob
                                                            al interrupt
  113 000000C8 00000000        DCD              GPDMA1_Channel5_IRQHandler ; GP
                                                            DMA1 Channel 5 glob
                                                            al interrupt
  114 000000CC 00000000        DCD              GPDMA1_Channel6_IRQHandler ; GP
                                                            DMA1 Channel 6 glob
                                                            al interrupt
  115 000000D0 00000000        DCD              GPDMA1_Channel7_IRQHandler ; GP
                                                            DMA1 Channel 7 glob
                                                            al interrupt
  116 000000D4 00000000        DCD              TIM1_BRK_IRQHandler ; TIM1 Brea
                                                            k interrupt
  117 000000D8 00000000        DCD              TIM1_UP_IRQHandler ; TIM1 Updat
                                                            e interrupt
  118 000000DC 00000000        DCD              TIM1_TRG_COM_IRQHandler ; TIM1 
                                                            Trigger and Commuta
                                                            tion interrupt
  119 000000E0 00000000        DCD              TIM1_CC_IRQHandler ; TIM1 Captu
                                                            re Compare interrup
                                                            t
  120 000000E4 00000000        DCD              TIM2_IRQHandler ; TIM2 global i
                                                            nterrupt
  121 000000E8 00000000        DCD              TIM3_IRQHandler ; TIM3 global i
                                                            nterrupt
  122 000000EC 00000000        DCD              I2C1_EV_IRQHandler ; I2C1 Event
                                                             interrupt
  123 000000F0 00000000        DCD              I2C1_ER_IRQHandler ; I2C1 Error
                                                             interrupt
  124 000000F4 00000000        DCD              SPI1_IRQHandler ; SPI1 global i
                                                            nterrupt
  125 000000F8 00000000        DCD              USART1_IRQHandler ; USART1 glob
                                                            al interrupt
  126 000000FC 00000000        DCD              USART2_IRQHandler ; USART2 glob
                                                            al interrupt
  127 00000100 00000000        DCD              LPUART1_IRQHandler ; LPUART1 gl
                                                            obal interrupt
  128 00000104 00000000        DCD              LPTIM1_IRQHandler ; LPTIM1 glob
                                                            al interrupt
  129 00000108 00000000        DCD              LPTIM2_IRQHandler ; LPTIM2 glob
                                                            al interrupt
  130 0000010C 00000000        DCD              TIM16_IRQHandler ; TIM16 global
                                                             interrupt
  131 00000110 00000000        DCD              TIM17_IRQHandler ; TIM17 global
                                                             interrupt
  132 00000114 00000000        DCD              COMP_IRQHandler ; COMP1 and COM
                                                            P2 through EXTI Lin
                                                            es interrupt
  133 00000118 00000000        DCD              I2C3_EV_IRQHandler ; I2C3 event
                                                             interrupt
  134 0000011C 00000000        DCD              I2C3_ER_IRQHandler ; I2C3 error
                                                             interrupt



ARM Macro Assembler    Page 5 


  135 00000120 00000000        DCD              SAI1_IRQHandler ; Serial Audio 
                                                            Interface 1 global 
                                                            interrupt
  136 00000124 00000000        DCD              TSC_IRQHandler ; Touch Sense Co
                                                            ntroller global int
                                                            errupt
  137 00000128 00000000        DCD              AES_IRQHandler ; AES global int
                                                            errupt
  138 0000012C 00000000        DCD              RNG_IRQHandler ; RNG global int
                                                            errupt
  139 00000130 00000000        DCD              FPU_IRQHandler ; FPU global int
                                                            errupt
  140 00000134 00000000        DCD              HASH_IRQHandler ; HASH global i
                                                            nterrupt
  141 00000138 00000000        DCD              PKA_IRQHandler ; PKA global int
                                                            errupt
  142 0000013C 00000000        DCD              SPI3_IRQHandler ; SPI3 global i
                                                            nterrupt
  143 00000140 00000000        DCD              ICACHE_IRQHandler ; Instruction
                                                             cache global inter
                                                            rupt
  144 00000144 00000000        DCD              ADC4_IRQHandler ; LP ADC (12bit
                                                            s) global interrupt
                                                            
  145 00000148 00000000        DCD              RADIO_IRQHandler ; 2.4GHz RADIO
                                                             global interrupt
  146 0000014C 00000000        DCD              WKUP_IRQHandler ; PWR global WK
                                                            UP pin interrupt
  147 00000150 00000000        DCD              HSEM_IRQHandler ; HSEM non-secu
                                                            re global interrupt
                                                            
  148 00000154 00000000        DCD              HSEM_S_IRQHandler ; HSEM secure
                                                             global interrupt
  149 00000158 00000000        DCD              WKUP_S_IRQHandler ; PWR secure 
                                                            global WKUP pin int
                                                            errupt
  150 0000015C 00000000        DCD              RCC_AUDIOSYNC_IRQHandler ; RCC 
                                                            audio synchronizati
                                                            on interrupt
  151 00000160         __Vectors_End
  152 00000160         
  153 00000160 00000160 
                       __Vectors_Size
                               EQU              __Vectors_End - __Vectors
  154 00000160         
  155 00000160                 AREA             |.text|, CODE, READONLY
  156 00000000         
  157 00000000         
  158 00000000         ; Reset Handler
  159 00000000         
  160 00000000         Reset_Handler
                               PROC
  161 00000000                 EXPORT           Reset_Handler              [WEA
K]
  162 00000000                 IMPORT           SystemInit
  163 00000000                 IMPORT           __main
  164 00000000 480A            LDR              R0, =SystemInit
  165 00000002 4780            BLX              R0
  166 00000004 480A            LDR              R0, =__main



ARM Macro Assembler    Page 6 


  167 00000006 4700            BX               R0
  168 00000008                 ENDP
  169 00000008         
  170 00000008         
  171 00000008         ; Dummy Exception Handlers (infinite loops which can be 
                       modified)
  172 00000008         
  174 00000008         NMI_Handler
                               PROC
  175 00000008                 EXPORT           NMI_Handler                [WEA
K]
  176 00000008 E7FE            B                .
  177 0000000A                 ENDP
  179 0000000A         HardFault_Handler
                               PROC
  180 0000000A                 EXPORT           HardFault_Handler          [WEA
K]
  181 0000000A E7FE            B                .
  182 0000000C                 ENDP
  184 0000000C         MemManage_Handler
                               PROC
  185 0000000C                 EXPORT           MemManage_Handler          [WEA
K]
  186 0000000C E7FE            B                .
  187 0000000E                 ENDP
  189 0000000E         BusFault_Handler
                               PROC
  190 0000000E                 EXPORT           BusFault_Handler           [WEA
K]
  191 0000000E E7FE            B                .
  192 00000010                 ENDP
  194 00000010         UsageFault_Handler
                               PROC
  195 00000010                 EXPORT           UsageFault_Handler         [WEA
K]
  196 00000010 E7FE            B                .
  197 00000012                 ENDP
  199 00000012         SecureFault_Handler
                               PROC
  200 00000012                 EXPORT           SecureFault_Handler        [WEA
K]
  201 00000012 E7FE            B                .
  202 00000014                 ENDP
  204 00000014         SVC_Handler
                               PROC
  205 00000014                 EXPORT           SVC_Handler                [WEA
K]
  206 00000014 E7FE            B                .
  207 00000016                 ENDP
  209 00000016         DebugMon_Handler
                               PROC
  210 00000016                 EXPORT           DebugMon_Handler           [WEA
K]
  211 00000016 E7FE            B                .
  212 00000018                 ENDP
  214 00000018         PendSV_Handler
                               PROC
  215 00000018                 EXPORT           PendSV_Handler             [WEA
K]



ARM Macro Assembler    Page 7 


  216 00000018 E7FE            B                .
  217 0000001A                 ENDP
  219 0000001A         SysTick_Handler
                               PROC
  220 0000001A                 EXPORT           SysTick_Handler            [WEA
K]
  221 0000001A E7FE            B                .
  222 0000001C                 ENDP
  223 0000001C         
  224 0000001C         Default_Handler
                               PROC
  225 0000001C         
  226 0000001C                 EXPORT           WWDG_IRQHandler            [WEA
K]
  227 0000001C                 EXPORT           PVD_IRQHandler             [WEA
K]
  228 0000001C                 EXPORT           RTC_IRQHandler             [WEA
K]
  229 0000001C                 EXPORT           RTC_S_IRQHandler           [WEA
K]
  230 0000001C                 EXPORT           TAMP_IRQHandler            [WEA
K]
  231 0000001C                 EXPORT           RAMCFG_IRQHandler          [WEA
K]
  232 0000001C                 EXPORT           FLASH_IRQHandler           [WEA
K]
  233 0000001C                 EXPORT           FLASH_S_IRQHandler         [WEA
K]
  234 0000001C                 EXPORT           GTZC_IRQHandler            [WEA
K]
  235 0000001C                 EXPORT           RCC_IRQHandler             [WEA
K]
  236 0000001C                 EXPORT           RCC_S_IRQHandler           [WEA
K]
  237 0000001C                 EXPORT           EXTI0_IRQHandler           [WEA
K]
  238 0000001C                 EXPORT           EXTI1_IRQHandler           [WEA
K]
  239 0000001C                 EXPORT           EXTI2_IRQHandler           [WEA
K]
  240 0000001C                 EXPORT           EXTI3_IRQHandler           [WEA
K]
  241 0000001C                 EXPORT           EXTI4_IRQHandler           [WEA
K]
  242 0000001C                 EXPORT           EXTI5_IRQHandler           [WEA
K]
  243 0000001C                 EXPORT           EXTI6_IRQHandler           [WEA
K]
  244 0000001C                 EXPORT           EXTI7_IRQHandler           [WEA
K]
  245 0000001C                 EXPORT           EXTI8_IRQHandler           [WEA
K]
  246 0000001C                 EXPORT           EXTI9_IRQHandler           [WEA
K]
  247 0000001C                 EXPORT           EXTI10_IRQHandler          [WEA
K]
  248 0000001C                 EXPORT           EXTI11_IRQHandler          [WEA
K]
  249 0000001C                 EXPORT           EXTI12_IRQHandler          [WEA



ARM Macro Assembler    Page 8 


K]
  250 0000001C                 EXPORT           EXTI13_IRQHandler          [WEA
K]
  251 0000001C                 EXPORT           EXTI14_IRQHandler          [WEA
K]
  252 0000001C                 EXPORT           EXTI15_IRQHandler          [WEA
K]
  253 0000001C                 EXPORT           IWDG_IRQHandler            [WEA
K]
  254 0000001C                 EXPORT           SAES_IRQHandler            [WEA
K]
  255 0000001C                 EXPORT           GPDMA1_Channel0_IRQHandler [WEA
K]
  256 0000001C                 EXPORT           GPDMA1_Channel1_IRQHandler [WEA
K]
  257 0000001C                 EXPORT           GPDMA1_Channel2_IRQHandler [WEA
K]
  258 0000001C                 EXPORT           GPDMA1_Channel3_IRQHandler [WEA
K]
  259 0000001C                 EXPORT           GPDMA1_Channel4_IRQHandler [WEA
K]
  260 0000001C                 EXPORT           GPDMA1_Channel5_IRQHandler [WEA
K]
  261 0000001C                 EXPORT           GPDMA1_Channel6_IRQHandler [WEA
K]
  262 0000001C                 EXPORT           GPDMA1_Channel7_IRQHandler [WEA
K]
  263 0000001C                 EXPORT           TIM1_BRK_IRQHandler        [WEA
K]
  264 0000001C                 EXPORT           TIM1_UP_IRQHandler         [WEA
K]
  265 0000001C                 EXPORT           TIM1_TRG_COM_IRQHandler    [WEA
K]
  266 0000001C                 EXPORT           TIM1_CC_IRQHandler         [WEA
K]
  267 0000001C                 EXPORT           TIM2_IRQHandler            [WEA
K]
  268 0000001C                 EXPORT           TIM3_IRQHandler            [WEA
K]
  269 0000001C                 EXPORT           I2C1_EV_IRQHandler         [WEA
K]
  270 0000001C                 EXPORT           I2C1_ER_IRQHandler         [WEA
K]
  271 0000001C                 EXPORT           SPI1_IRQHandler            [WEA
K]
  272 0000001C                 EXPORT           USART1_IRQHandler          [WEA
K]
  273 0000001C                 EXPORT           USART2_IRQHandler          [WEA
K]
  274 0000001C                 EXPORT           LPUART1_IRQHandler         [WEA
K]
  275 0000001C                 EXPORT           LPTIM1_IRQHandler          [WEA
K]
  276 0000001C                 EXPORT           LPTIM2_IRQHandler          [WEA
K]
  277 0000001C                 EXPORT           TIM16_IRQHandler           [WEA
K]
  278 0000001C                 EXPORT           TIM17_IRQHandler           [WEA
K]



ARM Macro Assembler    Page 9 


  279 0000001C                 EXPORT           COMP_IRQHandler            [WEA
K]
  280 0000001C                 EXPORT           I2C3_EV_IRQHandler         [WEA
K]
  281 0000001C                 EXPORT           I2C3_ER_IRQHandler         [WEA
K]
  282 0000001C                 EXPORT           SAI1_IRQHandler            [WEA
K]
  283 0000001C                 EXPORT           TSC_IRQHandler             [WEA
K]
  284 0000001C                 EXPORT           AES_IRQHandler             [WEA
K]
  285 0000001C                 EXPORT           RNG_IRQHandler             [WEA
K]
  286 0000001C                 EXPORT           FPU_IRQHandler             [WEA
K]
  287 0000001C                 EXPORT           HASH_IRQHandler            [WEA
K]
  288 0000001C                 EXPORT           PKA_IRQHandler             [WEA
K]
  289 0000001C                 EXPORT           SPI3_IRQHandler            [WEA
K]
  290 0000001C                 EXPORT           ICACHE_IRQHandler          [WEA
K]
  291 0000001C                 EXPORT           ADC4_IRQHandler            [WEA
K]
  292 0000001C                 EXPORT           RADIO_IRQHandler           [WEA
K]
  293 0000001C                 EXPORT           WKUP_IRQHandler            [WEA
K]
  294 0000001C                 EXPORT           HSEM_IRQHandler            [WEA
K]
  295 0000001C                 EXPORT           HSEM_S_IRQHandler          [WEA
K]
  296 0000001C                 EXPORT           WKUP_S_IRQHandler          [WEA
K]
  297 0000001C                 EXPORT           RCC_AUDIOSYNC_IRQHandler   [WEA
K]
  298 0000001C         
  299 0000001C         WWDG_IRQHandler
  300 0000001C         PVD_IRQHandler
  301 0000001C         RTC_IRQHandler
  302 0000001C         RTC_S_IRQHandler
  303 0000001C         TAMP_IRQHandler
  304 0000001C         RAMCFG_IRQHandler
  305 0000001C         FLASH_IRQHandler
  306 0000001C         FLASH_S_IRQHandler
  307 0000001C         GTZC_IRQHandler
  308 0000001C         RCC_IRQHandler
  309 0000001C         RCC_S_IRQHandler
  310 0000001C         EXTI0_IRQHandler
  311 0000001C         EXTI1_IRQHandler
  312 0000001C         EXTI2_IRQHandler
  313 0000001C         EXTI3_IRQHandler
  314 0000001C         EXTI4_IRQHandler
  315 0000001C         EXTI5_IRQHandler
  316 0000001C         EXTI6_IRQHandler
  317 0000001C         EXTI7_IRQHandler
  318 0000001C         EXTI8_IRQHandler



ARM Macro Assembler    Page 10 


  319 0000001C         EXTI9_IRQHandler
  320 0000001C         EXTI10_IRQHandler
  321 0000001C         EXTI11_IRQHandler
  322 0000001C         EXTI12_IRQHandler
  323 0000001C         EXTI13_IRQHandler
  324 0000001C         EXTI14_IRQHandler
  325 0000001C         EXTI15_IRQHandler
  326 0000001C         IWDG_IRQHandler
  327 0000001C         SAES_IRQHandler
  328 0000001C         GPDMA1_Channel0_IRQHandler
  329 0000001C         GPDMA1_Channel1_IRQHandler
  330 0000001C         GPDMA1_Channel2_IRQHandler
  331 0000001C         GPDMA1_Channel3_IRQHandler
  332 0000001C         GPDMA1_Channel4_IRQHandler
  333 0000001C         GPDMA1_Channel5_IRQHandler
  334 0000001C         GPDMA1_Channel6_IRQHandler
  335 0000001C         GPDMA1_Channel7_IRQHandler
  336 0000001C         TIM1_BRK_IRQHandler
  337 0000001C         TIM1_UP_IRQHandler
  338 0000001C         TIM1_TRG_COM_IRQHandler
  339 0000001C         TIM1_CC_IRQHandler
  340 0000001C         TIM2_IRQHandler
  341 0000001C         TIM3_IRQHandler
  342 0000001C         I2C1_EV_IRQHandler
  343 0000001C         I2C1_ER_IRQHandler
  344 0000001C         SPI1_IRQHandler
  345 0000001C         USART1_IRQHandler
  346 0000001C         USART2_IRQHandler
  347 0000001C         LPUART1_IRQHandler
  348 0000001C         LPTIM1_IRQHandler
  349 0000001C         LPTIM2_IRQHandler
  350 0000001C         TIM16_IRQHandler
  351 0000001C         TIM17_IRQHandler
  352 0000001C         COMP_IRQHandler
  353 0000001C         I2C3_EV_IRQHandler
  354 0000001C         I2C3_ER_IRQHandler
  355 0000001C         SAI1_IRQHandler
  356 0000001C         TSC_IRQHandler
  357 0000001C         AES_IRQHandler
  358 0000001C         RNG_IRQHandler
  359 0000001C         FPU_IRQHandler
  360 0000001C         HASH_IRQHandler
  361 0000001C         PKA_IRQHandler
  362 0000001C         SPI3_IRQHandler
  363 0000001C         ICACHE_IRQHandler
  364 0000001C         ADC4_IRQHandler
  365 0000001C         RADIO_IRQHandler
  366 0000001C         WKUP_IRQHandler
  367 0000001C         HSEM_IRQHandler
  368 0000001C         HSEM_S_IRQHandler
  369 0000001C         WKUP_S_IRQHandler
  370 0000001C         RCC_AUDIOSYNC_IRQHandler
  371 0000001C E7FE            B                .
  372 0000001E         
  373 0000001E                 ENDP
  374 0000001E         
  375 0000001E         
  376 0000001E 00 00           ALIGN
  377 00000020         



ARM Macro Assembler    Page 11 


  378 00000020         ;*******************************************************
                       ************************
  379 00000020         ; User Stack and Heap initialization
  380 00000020         ;*******************************************************
                       ************************
  381 00000020                 IF               :DEF:__MICROLIB
  388 00000020         
  389 00000020                 IMPORT           __use_two_region_memory
  390 00000020                 EXPORT           __user_initial_stackheap
  391 00000020         
  392 00000020         __user_initial_stackheap
                               PROC
  393 00000020 4804            LDR              R0, =  Heap_Mem
  394 00000022 4905            LDR              R1, =(Stack_Mem + Stack_Size)
  395 00000024 4A03            LDR              R2, = (Heap_Mem +  Heap_Size)
  396 00000026 4B05            LDR              R3, = Stack_Mem
  397 00000028 4770            BX               LR
  398 0000002A                 ENDP
  399 0000002A         
  400 0000002A 00 00           ALIGN
  401 0000002C         
  402 0000002C                 ENDIF
  403 0000002C         
  404 0000002C                 END
              00000000 
              00000000 
              00000000 
              00001000 
              00000000 
Command Line: --debug --xref --diag_suppress=9931 --cpu=Cortex-M33.no_dsp --fpu
=FPv5-SP --depend=ble_p2pclient\startup_stm32wba55xx.d -oble_p2pclient\startup_
stm32wba55xx.o -I.\RTE\_BLE_p2pClient -ID:\Keil5\ARM\CMSIS\5.8.0\CMSIS\Core\Inc
lude --predefine="__UVISION_VERSION SETA 536" --predefine="_RTE_ SETA 1" --pred
efine="STM32WBA55xx SETA 1" --predefine="_RTE_ SETA 1" --list=startup_stm32wba5
5xx.lst startup_stm32wba55xx.s



ARM Macro Assembler    Page 1 Alphabetic symbol ordering
Relocatable symbols

STACK 00000000

Symbol: STACK
   Definitions
      At line 33 in file startup_stm32wba55xx.s
   Uses
      None
Comment: STACK unused
Stack_Mem 00000000

Symbol: Stack_Mem
   Definitions
      At line 34 in file startup_stm32wba55xx.s
   Uses
      At line 394 in file startup_stm32wba55xx.s
      At line 396 in file startup_stm32wba55xx.s

__initial_sp 00001000

Symbol: __initial_sp
   Definitions
      At line 35 in file startup_stm32wba55xx.s
   Uses
      At line 61 in file startup_stm32wba55xx.s
Comment: __initial_sp used once
3 symbols



ARM Macro Assembler    Page 1 Alphabetic symbol ordering
Relocatable symbols

HEAP 00000000

Symbol: HEAP
   Definitions
      At line 44 in file startup_stm32wba55xx.s
   Uses
      None
Comment: HEAP unused
Heap_Mem 00000000

Symbol: Heap_Mem
   Definitions
      At line 46 in file startup_stm32wba55xx.s
   Uses
      At line 393 in file startup_stm32wba55xx.s
      At line 395 in file startup_stm32wba55xx.s

__heap_base 00000000

Symbol: __heap_base
   Definitions
      At line 45 in file startup_stm32wba55xx.s
   Uses
      None
Comment: __heap_base unused
__heap_limit 00000000

Symbol: __heap_limit
   Definitions
      At line 47 in file startup_stm32wba55xx.s
   Uses
      None
Comment: __heap_limit unused
4 symbols



ARM Macro Assembler    Page 1 Alphabetic symbol ordering
Relocatable symbols

RESET 00000000

Symbol: RESET
   Definitions
      At line 56 in file startup_stm32wba55xx.s
   Uses
      None
Comment: RESET unused
__Vectors 00000000

Symbol: __Vectors
   Definitions
      At line 61 in file startup_stm32wba55xx.s
   Uses
      At line 57 in file startup_stm32wba55xx.s
      At line 153 in file startup_stm32wba55xx.s

__Vectors_End 00000160

Symbol: __Vectors_End
   Definitions
      At line 151 in file startup_stm32wba55xx.s
   Uses
      At line 58 in file startup_stm32wba55xx.s
      At line 153 in file startup_stm32wba55xx.s

3 symbols



ARM Macro Assembler    Page 1 Alphabetic symbol ordering
Relocatable symbols

.text 00000000

Symbol: .text
   Definitions
      At line 155 in file startup_stm32wba55xx.s
   Uses
      None
Comment: .text unused
ADC4_IRQHandler 0000001C

Symbol: ADC4_IRQHandler
   Definitions
      At line 364 in file startup_stm32wba55xx.s
   Uses
      At line 144 in file startup_stm32wba55xx.s
      At line 291 in file startup_stm32wba55xx.s

AES_IRQHandler 0000001C

Symbol: AES_IRQHandler
   Definitions
      At line 357 in file startup_stm32wba55xx.s
   Uses
      At line 137 in file startup_stm32wba55xx.s
      At line 284 in file startup_stm32wba55xx.s

BusFault_Handler 0000000E

Symbol: BusFault_Handler
   Definitions
      At line 189 in file startup_stm32wba55xx.s
   Uses
      At line 66 in file startup_stm32wba55xx.s
      At line 190 in file startup_stm32wba55xx.s

COMP_IRQHandler 0000001C

Symbol: COMP_IRQHandler
   Definitions
      At line 352 in file startup_stm32wba55xx.s
   Uses
      At line 132 in file startup_stm32wba55xx.s
      At line 279 in file startup_stm32wba55xx.s

DebugMon_Handler 00000016

Symbol: DebugMon_Handler
   Definitions
      At line 209 in file startup_stm32wba55xx.s
   Uses
      At line 73 in file startup_stm32wba55xx.s
      At line 210 in file startup_stm32wba55xx.s

Default_Handler 0000001C

Symbol: Default_Handler
   Definitions
      At line 224 in file startup_stm32wba55xx.s
   Uses



ARM Macro Assembler    Page 2 Alphabetic symbol ordering
Relocatable symbols

      None
Comment: Default_Handler unused
EXTI0_IRQHandler 0000001C

Symbol: EXTI0_IRQHandler
   Definitions
      At line 310 in file startup_stm32wba55xx.s
   Uses
      At line 90 in file startup_stm32wba55xx.s
      At line 237 in file startup_stm32wba55xx.s

EXTI10_IRQHandler 0000001C

Symbol: EXTI10_IRQHandler
   Definitions
      At line 320 in file startup_stm32wba55xx.s
   Uses
      At line 100 in file startup_stm32wba55xx.s
      At line 247 in file startup_stm32wba55xx.s

EXTI11_IRQHandler 0000001C

Symbol: EXTI11_IRQHandler
   Definitions
      At line 321 in file startup_stm32wba55xx.s
   Uses
      At line 101 in file startup_stm32wba55xx.s
      At line 248 in file startup_stm32wba55xx.s

EXTI12_IRQHandler 0000001C

Symbol: EXTI12_IRQHandler
   Definitions
      At line 322 in file startup_stm32wba55xx.s
   Uses
      At line 102 in file startup_stm32wba55xx.s
      At line 249 in file startup_stm32wba55xx.s

EXTI13_IRQHandler 0000001C

Symbol: EXTI13_IRQHandler
   Definitions
      At line 323 in file startup_stm32wba55xx.s
   Uses
      At line 103 in file startup_stm32wba55xx.s
      At line 250 in file startup_stm32wba55xx.s

EXTI14_IRQHandler 0000001C

Symbol: EXTI14_IRQHandler
   Definitions
      At line 324 in file startup_stm32wba55xx.s
   Uses
      At line 104 in file startup_stm32wba55xx.s
      At line 251 in file startup_stm32wba55xx.s

EXTI15_IRQHandler 0000001C

Symbol: EXTI15_IRQHandler



ARM Macro Assembler    Page 3 Alphabetic symbol ordering
Relocatable symbols

   Definitions
      At line 325 in file startup_stm32wba55xx.s
   Uses
      At line 105 in file startup_stm32wba55xx.s
      At line 252 in file startup_stm32wba55xx.s

EXTI1_IRQHandler 0000001C

Symbol: EXTI1_IRQHandler
   Definitions
      At line 311 in file startup_stm32wba55xx.s
   Uses
      At line 91 in file startup_stm32wba55xx.s
      At line 238 in file startup_stm32wba55xx.s

EXTI2_IRQHandler 0000001C

Symbol: EXTI2_IRQHandler
   Definitions
      At line 312 in file startup_stm32wba55xx.s
   Uses
      At line 92 in file startup_stm32wba55xx.s
      At line 239 in file startup_stm32wba55xx.s

EXTI3_IRQHandler 0000001C

Symbol: EXTI3_IRQHandler
   Definitions
      At line 313 in file startup_stm32wba55xx.s
   Uses
      At line 93 in file startup_stm32wba55xx.s
      At line 240 in file startup_stm32wba55xx.s

EXTI4_IRQHandler 0000001C

Symbol: EXTI4_IRQHandler
   Definitions
      At line 314 in file startup_stm32wba55xx.s
   Uses
      At line 94 in file startup_stm32wba55xx.s
      At line 241 in file startup_stm32wba55xx.s

EXTI5_IRQHandler 0000001C

Symbol: EXTI5_IRQHandler
   Definitions
      At line 315 in file startup_stm32wba55xx.s
   Uses
      At line 95 in file startup_stm32wba55xx.s
      At line 242 in file startup_stm32wba55xx.s

EXTI6_IRQHandler 0000001C

Symbol: EXTI6_IRQHandler
   Definitions
      At line 316 in file startup_stm32wba55xx.s
   Uses
      At line 96 in file startup_stm32wba55xx.s
      At line 243 in file startup_stm32wba55xx.s



ARM Macro Assembler    Page 4 Alphabetic symbol ordering
Relocatable symbols


EXTI7_IRQHandler 0000001C

Symbol: EXTI7_IRQHandler
   Definitions
      At line 317 in file startup_stm32wba55xx.s
   Uses
      At line 97 in file startup_stm32wba55xx.s
      At line 244 in file startup_stm32wba55xx.s

EXTI8_IRQHandler 0000001C

Symbol: EXTI8_IRQHandler
   Definitions
      At line 318 in file startup_stm32wba55xx.s
   Uses
      At line 98 in file startup_stm32wba55xx.s
      At line 245 in file startup_stm32wba55xx.s

EXTI9_IRQHandler 0000001C

Symbol: EXTI9_IRQHandler
   Definitions
      At line 319 in file startup_stm32wba55xx.s
   Uses
      At line 99 in file startup_stm32wba55xx.s
      At line 246 in file startup_stm32wba55xx.s

FLASH_IRQHandler 0000001C

Symbol: FLASH_IRQHandler
   Definitions
      At line 305 in file startup_stm32wba55xx.s
   Uses
      At line 85 in file startup_stm32wba55xx.s
      At line 232 in file startup_stm32wba55xx.s

FLASH_S_IRQHandler 0000001C

Symbol: FLASH_S_IRQHandler
   Definitions
      At line 306 in file startup_stm32wba55xx.s
   Uses
      At line 86 in file startup_stm32wba55xx.s
      At line 233 in file startup_stm32wba55xx.s

FPU_IRQHandler 0000001C

Symbol: FPU_IRQHandler
   Definitions
      At line 359 in file startup_stm32wba55xx.s
   Uses
      At line 139 in file startup_stm32wba55xx.s
      At line 286 in file startup_stm32wba55xx.s

GPDMA1_Channel0_IRQHandler 0000001C

Symbol: GPDMA1_Channel0_IRQHandler
   Definitions



ARM Macro Assembler    Page 5 Alphabetic symbol ordering
Relocatable symbols

      At line 328 in file startup_stm32wba55xx.s
   Uses
      At line 108 in file startup_stm32wba55xx.s
      At line 255 in file startup_stm32wba55xx.s

GPDMA1_Channel1_IRQHandler 0000001C

Symbol: GPDMA1_Channel1_IRQHandler
   Definitions
      At line 329 in file startup_stm32wba55xx.s
   Uses
      At line 109 in file startup_stm32wba55xx.s
      At line 256 in file startup_stm32wba55xx.s

GPDMA1_Channel2_IRQHandler 0000001C

Symbol: GPDMA1_Channel2_IRQHandler
   Definitions
      At line 330 in file startup_stm32wba55xx.s
   Uses
      At line 110 in file startup_stm32wba55xx.s
      At line 257 in file startup_stm32wba55xx.s

GPDMA1_Channel3_IRQHandler 0000001C

Symbol: GPDMA1_Channel3_IRQHandler
   Definitions
      At line 331 in file startup_stm32wba55xx.s
   Uses
      At line 111 in file startup_stm32wba55xx.s
      At line 258 in file startup_stm32wba55xx.s

GPDMA1_Channel4_IRQHandler 0000001C

Symbol: GPDMA1_Channel4_IRQHandler
   Definitions
      At line 332 in file startup_stm32wba55xx.s
   Uses
      At line 112 in file startup_stm32wba55xx.s
      At line 259 in file startup_stm32wba55xx.s

GPDMA1_Channel5_IRQHandler 0000001C

Symbol: GPDMA1_Channel5_IRQHandler
   Definitions
      At line 333 in file startup_stm32wba55xx.s
   Uses
      At line 113 in file startup_stm32wba55xx.s
      At line 260 in file startup_stm32wba55xx.s

GPDMA1_Channel6_IRQHandler 0000001C

Symbol: GPDMA1_Channel6_IRQHandler
   Definitions
      At line 334 in file startup_stm32wba55xx.s
   Uses
      At line 114 in file startup_stm32wba55xx.s
      At line 261 in file startup_stm32wba55xx.s




ARM Macro Assembler    Page 6 Alphabetic symbol ordering
Relocatable symbols

GPDMA1_Channel7_IRQHandler 0000001C

Symbol: GPDMA1_Channel7_IRQHandler
   Definitions
      At line 335 in file startup_stm32wba55xx.s
   Uses
      At line 115 in file startup_stm32wba55xx.s
      At line 262 in file startup_stm32wba55xx.s

GTZC_IRQHandler 0000001C

Symbol: GTZC_IRQHandler
   Definitions
      At line 307 in file startup_stm32wba55xx.s
   Uses
      At line 87 in file startup_stm32wba55xx.s
      At line 234 in file startup_stm32wba55xx.s

HASH_IRQHandler 0000001C

Symbol: HASH_IRQHandler
   Definitions
      At line 360 in file startup_stm32wba55xx.s
   Uses
      At line 140 in file startup_stm32wba55xx.s
      At line 287 in file startup_stm32wba55xx.s

HSEM_IRQHandler 0000001C

Symbol: HSEM_IRQHandler
   Definitions
      At line 367 in file startup_stm32wba55xx.s
   Uses
      At line 147 in file startup_stm32wba55xx.s
      At line 294 in file startup_stm32wba55xx.s

HSEM_S_IRQHandler 0000001C

Symbol: HSEM_S_IRQHandler
   Definitions
      At line 368 in file startup_stm32wba55xx.s
   Uses
      At line 148 in file startup_stm32wba55xx.s
      At line 295 in file startup_stm32wba55xx.s

HardFault_Handler 0000000A

Symbol: HardFault_Handler
   Definitions
      At line 179 in file startup_stm32wba55xx.s
   Uses
      At line 64 in file startup_stm32wba55xx.s
      At line 180 in file startup_stm32wba55xx.s

I2C1_ER_IRQHandler 0000001C

Symbol: I2C1_ER_IRQHandler
   Definitions
      At line 343 in file startup_stm32wba55xx.s



ARM Macro Assembler    Page 7 Alphabetic symbol ordering
Relocatable symbols

   Uses
      At line 123 in file startup_stm32wba55xx.s
      At line 270 in file startup_stm32wba55xx.s

I2C1_EV_IRQHandler 0000001C

Symbol: I2C1_EV_IRQHandler
   Definitions
      At line 342 in file startup_stm32wba55xx.s
   Uses
      At line 122 in file startup_stm32wba55xx.s
      At line 269 in file startup_stm32wba55xx.s

I2C3_ER_IRQHandler 0000001C

Symbol: I2C3_ER_IRQHandler
   Definitions
      At line 354 in file startup_stm32wba55xx.s
   Uses
      At line 134 in file startup_stm32wba55xx.s
      At line 281 in file startup_stm32wba55xx.s

I2C3_EV_IRQHandler 0000001C

Symbol: I2C3_EV_IRQHandler
   Definitions
      At line 353 in file startup_stm32wba55xx.s
   Uses
      At line 133 in file startup_stm32wba55xx.s
      At line 280 in file startup_stm32wba55xx.s

ICACHE_IRQHandler 0000001C

Symbol: ICACHE_IRQHandler
   Definitions
      At line 363 in file startup_stm32wba55xx.s
   Uses
      At line 143 in file startup_stm32wba55xx.s
      At line 290 in file startup_stm32wba55xx.s

IWDG_IRQHandler 0000001C

Symbol: IWDG_IRQHandler
   Definitions
      At line 326 in file startup_stm32wba55xx.s
   Uses
      At line 106 in file startup_stm32wba55xx.s
      At line 253 in file startup_stm32wba55xx.s

LPTIM1_IRQHandler 0000001C

Symbol: LPTIM1_IRQHandler
   Definitions
      At line 348 in file startup_stm32wba55xx.s
   Uses
      At line 128 in file startup_stm32wba55xx.s
      At line 275 in file startup_stm32wba55xx.s

LPTIM2_IRQHandler 0000001C



ARM Macro Assembler    Page 8 Alphabetic symbol ordering
Relocatable symbols


Symbol: LPTIM2_IRQHandler
   Definitions
      At line 349 in file startup_stm32wba55xx.s
   Uses
      At line 129 in file startup_stm32wba55xx.s
      At line 276 in file startup_stm32wba55xx.s

LPUART1_IRQHandler 0000001C

Symbol: LPUART1_IRQHandler
   Definitions
      At line 347 in file startup_stm32wba55xx.s
   Uses
      At line 127 in file startup_stm32wba55xx.s
      At line 274 in file startup_stm32wba55xx.s

MemManage_Handler 0000000C

Symbol: MemManage_Handler
   Definitions
      At line 184 in file startup_stm32wba55xx.s
   Uses
      At line 65 in file startup_stm32wba55xx.s
      At line 185 in file startup_stm32wba55xx.s

NMI_Handler 00000008

Symbol: NMI_Handler
   Definitions
      At line 174 in file startup_stm32wba55xx.s
   Uses
      At line 63 in file startup_stm32wba55xx.s
      At line 175 in file startup_stm32wba55xx.s

PKA_IRQHandler 0000001C

Symbol: PKA_IRQHandler
   Definitions
      At line 361 in file startup_stm32wba55xx.s
   Uses
      At line 141 in file startup_stm32wba55xx.s
      At line 288 in file startup_stm32wba55xx.s

PVD_IRQHandler 0000001C

Symbol: PVD_IRQHandler
   Definitions
      At line 300 in file startup_stm32wba55xx.s
   Uses
      At line 80 in file startup_stm32wba55xx.s
      At line 227 in file startup_stm32wba55xx.s

PendSV_Handler 00000018

Symbol: PendSV_Handler
   Definitions
      At line 214 in file startup_stm32wba55xx.s
   Uses



ARM Macro Assembler    Page 9 Alphabetic symbol ordering
Relocatable symbols

      At line 75 in file startup_stm32wba55xx.s
      At line 215 in file startup_stm32wba55xx.s

RADIO_IRQHandler 0000001C

Symbol: RADIO_IRQHandler
   Definitions
      At line 365 in file startup_stm32wba55xx.s
   Uses
      At line 145 in file startup_stm32wba55xx.s
      At line 292 in file startup_stm32wba55xx.s

RAMCFG_IRQHandler 0000001C

Symbol: RAMCFG_IRQHandler
   Definitions
      At line 304 in file startup_stm32wba55xx.s
   Uses
      At line 84 in file startup_stm32wba55xx.s
      At line 231 in file startup_stm32wba55xx.s

RCC_AUDIOSYNC_IRQHandler 0000001C

Symbol: RCC_AUDIOSYNC_IRQHandler
   Definitions
      At line 370 in file startup_stm32wba55xx.s
   Uses
      At line 150 in file startup_stm32wba55xx.s
      At line 297 in file startup_stm32wba55xx.s

RCC_IRQHandler 0000001C

Symbol: RCC_IRQHandler
   Definitions
      At line 308 in file startup_stm32wba55xx.s
   Uses
      At line 88 in file startup_stm32wba55xx.s
      At line 235 in file startup_stm32wba55xx.s

RCC_S_IRQHandler 0000001C

Symbol: RCC_S_IRQHandler
   Definitions
      At line 309 in file startup_stm32wba55xx.s
   Uses
      At line 89 in file startup_stm32wba55xx.s
      At line 236 in file startup_stm32wba55xx.s

RNG_IRQHandler 0000001C

Symbol: RNG_IRQHandler
   Definitions
      At line 358 in file startup_stm32wba55xx.s
   Uses
      At line 138 in file startup_stm32wba55xx.s
      At line 285 in file startup_stm32wba55xx.s

RTC_IRQHandler 0000001C




ARM Macro Assembler    Page 10 Alphabetic symbol ordering
Relocatable symbols

Symbol: RTC_IRQHandler
   Definitions
      At line 301 in file startup_stm32wba55xx.s
   Uses
      At line 81 in file startup_stm32wba55xx.s
      At line 228 in file startup_stm32wba55xx.s

RTC_S_IRQHandler 0000001C

Symbol: RTC_S_IRQHandler
   Definitions
      At line 302 in file startup_stm32wba55xx.s
   Uses
      At line 82 in file startup_stm32wba55xx.s
      At line 229 in file startup_stm32wba55xx.s

Reset_Handler 00000000

Symbol: Reset_Handler
   Definitions
      At line 160 in file startup_stm32wba55xx.s
   Uses
      At line 62 in file startup_stm32wba55xx.s
      At line 161 in file startup_stm32wba55xx.s

SAES_IRQHandler 0000001C

Symbol: SAES_IRQHandler
   Definitions
      At line 327 in file startup_stm32wba55xx.s
   Uses
      At line 107 in file startup_stm32wba55xx.s
      At line 254 in file startup_stm32wba55xx.s

SAI1_IRQHandler 0000001C

Symbol: SAI1_IRQHandler
   Definitions
      At line 355 in file startup_stm32wba55xx.s
   Uses
      At line 135 in file startup_stm32wba55xx.s
      At line 282 in file startup_stm32wba55xx.s

SPI1_IRQHandler 0000001C

Symbol: SPI1_IRQHandler
   Definitions
      At line 344 in file startup_stm32wba55xx.s
   Uses
      At line 124 in file startup_stm32wba55xx.s
      At line 271 in file startup_stm32wba55xx.s

SPI3_IRQHandler 0000001C

Symbol: SPI3_IRQHandler
   Definitions
      At line 362 in file startup_stm32wba55xx.s
   Uses
      At line 142 in file startup_stm32wba55xx.s



ARM Macro Assembler    Page 11 Alphabetic symbol ordering
Relocatable symbols

      At line 289 in file startup_stm32wba55xx.s

SVC_Handler 00000014

Symbol: SVC_Handler
   Definitions
      At line 204 in file startup_stm32wba55xx.s
   Uses
      At line 72 in file startup_stm32wba55xx.s
      At line 205 in file startup_stm32wba55xx.s

SecureFault_Handler 00000012

Symbol: SecureFault_Handler
   Definitions
      At line 199 in file startup_stm32wba55xx.s
   Uses
      At line 68 in file startup_stm32wba55xx.s
      At line 200 in file startup_stm32wba55xx.s

SysTick_Handler 0000001A

Symbol: SysTick_Handler
   Definitions
      At line 219 in file startup_stm32wba55xx.s
   Uses
      At line 76 in file startup_stm32wba55xx.s
      At line 220 in file startup_stm32wba55xx.s

TAMP_IRQHandler 0000001C

Symbol: TAMP_IRQHandler
   Definitions
      At line 303 in file startup_stm32wba55xx.s
   Uses
      At line 83 in file startup_stm32wba55xx.s
      At line 230 in file startup_stm32wba55xx.s

TIM16_IRQHandler 0000001C

Symbol: TIM16_IRQHandler
   Definitions
      At line 350 in file startup_stm32wba55xx.s
   Uses
      At line 130 in file startup_stm32wba55xx.s
      At line 277 in file startup_stm32wba55xx.s

TIM17_IRQHandler 0000001C

Symbol: TIM17_IRQHandler
   Definitions
      At line 351 in file startup_stm32wba55xx.s
   Uses
      At line 131 in file startup_stm32wba55xx.s
      At line 278 in file startup_stm32wba55xx.s

TIM1_BRK_IRQHandler 0000001C

Symbol: TIM1_BRK_IRQHandler



ARM Macro Assembler    Page 12 Alphabetic symbol ordering
Relocatable symbols

   Definitions
      At line 336 in file startup_stm32wba55xx.s
   Uses
      At line 116 in file startup_stm32wba55xx.s
      At line 263 in file startup_stm32wba55xx.s

TIM1_CC_IRQHandler 0000001C

Symbol: TIM1_CC_IRQHandler
   Definitions
      At line 339 in file startup_stm32wba55xx.s
   Uses
      At line 119 in file startup_stm32wba55xx.s
      At line 266 in file startup_stm32wba55xx.s

TIM1_TRG_COM_IRQHandler 0000001C

Symbol: TIM1_TRG_COM_IRQHandler
   Definitions
      At line 338 in file startup_stm32wba55xx.s
   Uses
      At line 118 in file startup_stm32wba55xx.s
      At line 265 in file startup_stm32wba55xx.s

TIM1_UP_IRQHandler 0000001C

Symbol: TIM1_UP_IRQHandler
   Definitions
      At line 337 in file startup_stm32wba55xx.s
   Uses
      At line 117 in file startup_stm32wba55xx.s
      At line 264 in file startup_stm32wba55xx.s

TIM2_IRQHandler 0000001C

Symbol: TIM2_IRQHandler
   Definitions
      At line 340 in file startup_stm32wba55xx.s
   Uses
      At line 120 in file startup_stm32wba55xx.s
      At line 267 in file startup_stm32wba55xx.s

TIM3_IRQHandler 0000001C

Symbol: TIM3_IRQHandler
   Definitions
      At line 341 in file startup_stm32wba55xx.s
   Uses
      At line 121 in file startup_stm32wba55xx.s
      At line 268 in file startup_stm32wba55xx.s

TSC_IRQHandler 0000001C

Symbol: TSC_IRQHandler
   Definitions
      At line 356 in file startup_stm32wba55xx.s
   Uses
      At line 136 in file startup_stm32wba55xx.s
      At line 283 in file startup_stm32wba55xx.s



ARM Macro Assembler    Page 13 Alphabetic symbol ordering
Relocatable symbols


USART1_IRQHandler 0000001C

Symbol: USART1_IRQHandler
   Definitions
      At line 345 in file startup_stm32wba55xx.s
   Uses
      At line 125 in file startup_stm32wba55xx.s
      At line 272 in file startup_stm32wba55xx.s

USART2_IRQHandler 0000001C

Symbol: USART2_IRQHandler
   Definitions
      At line 346 in file startup_stm32wba55xx.s
   Uses
      At line 126 in file startup_stm32wba55xx.s
      At line 273 in file startup_stm32wba55xx.s

UsageFault_Handler 00000010

Symbol: UsageFault_Handler
   Definitions
      At line 194 in file startup_stm32wba55xx.s
   Uses
      At line 67 in file startup_stm32wba55xx.s
      At line 195 in file startup_stm32wba55xx.s

WKUP_IRQHandler 0000001C

Symbol: WKUP_IRQHandler
   Definitions
      At line 366 in file startup_stm32wba55xx.s
   Uses
      At line 146 in file startup_stm32wba55xx.s
      At line 293 in file startup_stm32wba55xx.s

WKUP_S_IRQHandler 0000001C

Symbol: WKUP_S_IRQHandler
   Definitions
      At line 369 in file startup_stm32wba55xx.s
   Uses
      At line 149 in file startup_stm32wba55xx.s
      At line 296 in file startup_stm32wba55xx.s

WWDG_IRQHandler 0000001C

Symbol: WWDG_IRQHandler
   Definitions
      At line 299 in file startup_stm32wba55xx.s
   Uses
      At line 79 in file startup_stm32wba55xx.s
      At line 226 in file startup_stm32wba55xx.s

__user_initial_stackheap 00000020

Symbol: __user_initial_stackheap
   Definitions



ARM Macro Assembler    Page 14 Alphabetic symbol ordering
Relocatable symbols

      At line 392 in file startup_stm32wba55xx.s
   Uses
      At line 390 in file startup_stm32wba55xx.s
Comment: __user_initial_stackheap used once
86 symbols



ARM Macro Assembler    Page 1 Alphabetic symbol ordering
Absolute symbols

Heap_Size 00000000

Symbol: Heap_Size
   Definitions
      At line 42 in file startup_stm32wba55xx.s
   Uses
      At line 46 in file startup_stm32wba55xx.s
      At line 395 in file startup_stm32wba55xx.s

Stack_Size 00001000

Symbol: Stack_Size
   Definitions
      At line 31 in file startup_stm32wba55xx.s
   Uses
      At line 34 in file startup_stm32wba55xx.s
      At line 394 in file startup_stm32wba55xx.s

__Vectors_Size 00000160

Symbol: __Vectors_Size
   Definitions
      At line 153 in file startup_stm32wba55xx.s
   Uses
      At line 59 in file startup_stm32wba55xx.s
Comment: __Vectors_Size used once
3 symbols



ARM Macro Assembler    Page 1 Alphabetic symbol ordering
External symbols

SystemInit 00000000

Symbol: SystemInit
   Definitions
      At line 162 in file startup_stm32wba55xx.s
   Uses
      At line 164 in file startup_stm32wba55xx.s
Comment: SystemInit used once
__main 00000000

Symbol: __main
   Definitions
      At line 163 in file startup_stm32wba55xx.s
   Uses
      At line 166 in file startup_stm32wba55xx.s
Comment: __main used once
__use_two_region_memory 00000000

Symbol: __use_two_region_memory
   Definitions
      At line 389 in file startup_stm32wba55xx.s
   Uses
      None
Comment: __use_two_region_memory unused
3 symbols
440 symbols in table
