


ARM Macro Assembler    Page 1 


    1 00000000         ;*******************************************************
                       *************************
    2 00000000         ;* File Name          : stm32wbaxx_ResetHandler.s
    3 00000000         ;* Author             : MCD Application Team
    4 00000000         ;* Description        : STM32WBA5xx Ultra Low Power Devi
                       ces specific
    5 00000000         ;                       Reset handler for connectivity a
                       pplications.
    6 00000000         ;                       MDK-ARM toolchain.
    7 00000000         ;*******************************************************
                       *************************
    8 00000000         ;* @attention
    9 00000000         ;*
   10 00000000         ;* Copyright (c) 2022 STMicroelectronics.
   11 00000000         ;* All rights reserved.
   12 00000000         ;*
   13 00000000         ;* This software is licensed under terms that can be fou
                       nd in the LICENSE file
   14 00000000         ;* in the root directory of this software component.
   15 00000000         ;* If no LICENSE file comes with this software, it is pr
                       ovided AS-IS.
   16 00000000         ;*
   17 00000000         ;*******************************************************
                       ************************
   18 00000000         ;
   19 00000000         ; Cortex-M version
   20 00000000         ;
   21 00000000                 PRESERVE8
   22 00000000                 THUMB
   23 00000000                 AREA             |.text|, CODE, READONLY
   24 00000000         
   25 00000000         ; Reset_Handler
   26 00000000         Reset_Handler
                               PROC
   27 00000000                 EXPORT           Reset_Handler
   28 00000000         
   29 00000000                 IMPORT           SystemInit
   30 00000000                 IMPORT           __main
   31 00000000                 IMPORT           is_boot_from_standby
   32 00000000                 IMPORT           backup_MSP
   33 00000000                 IMPORT           register_backup_table
   34 00000000                 IMPORT           register_backup_table_size
   35 00000000         
   36 00000000                 EXPORT           CPUcontextSave
   37 00000000                 EXPORT           backup_system_register
   38 00000000                 EXPORT           restore_system_register
   39 00000000         ; If we exit from standby mode, restore CPU context and 
                       jump to asleep point.
   40 00000000 F7FF FFFE       BL               is_boot_from_standby
   41 00000004 2801            CMP              R0, #1
   42 00000006 D00C            BEQ              CPUcontextRestore
   43 00000008         ; buffer for local variables (up to 10)from is_boot_from
                       _standby.
   44 00000008 B08A            SUB              SP, SP, #0x28
   45 0000000A         ; end of specific code section for standby
   46 0000000A 4815            LDR              R0, =SystemInit
   47 0000000C 4780            BLX              R0
   48 0000000E 4815            LDR              R0, =__main
   49 00000010 4700            BX               R0



ARM Macro Assembler    Page 2 


   50 00000012                 ENDP
   51 00000012         
   52 00000012         ; These 2 functions are designed to save and then restor
                       e CPU context.
   53 00000012         CPUcontextSave
   54 00000012 E92D 5FF0       PUSH             { R4 - R12, lr } ; store R4 to 
                                                            R12 and LR (10 word
                                                            s) onto C stack
   55 00000016 4C14            LDR              R4, =backup_MSP ; load address 
                                                            of backup_MSP into 
                                                            R4
   56 00000018 466B            MOV              R3, SP      ; load the stack po
                                                            inter into R3
   57 0000001A 6023            STR              R3, [R4]    ; store the MSP int
                                                            o backup_MSP
   58 0000001C F3BF 8F4F       DSB
   59 00000020 BF30            WFI                          ; all saved, trigge
                                                            r deep sleep
   60 00000022         
   61 00000022         CPUcontextRestore
   62 00000022         ; Even if we fall through the WFI instruction, we will i
                       mmediately
   63 00000022         ; execute a context restore and end up where we left off
                        with no
   64 00000022         ; ill effects.  Normally at this point the core will eit
                       her be
   65 00000022         ; powered off or reset (depending on the deep sleep leve
                       l).
   66 00000022 4C11            LDR              R4, =backup_MSP ; load address 
                                                            of backup_MSP into 
                                                            R4.
   67 00000024 6824            LDR              R4, [R4]    ; load the SP from 
                                                            backup_MSP.
   68 00000026 46A5            MOV              SP, R4      ; restore the SP fr
                                                            om R4.
   69 00000028 E8BD 9FF0       POP              { R4 - R12, PC } ; load R4-R12 
                                                            and PC (10 words) f
                                                            rom C stack
   70 0000002C         ; end of specific code section for standby.
   71 0000002C         
   72 0000002C         backup_system_register
   73 0000002C         ; R0 -> register_backup_table array current item address
                       
   74 0000002C         ; R1 -> loop counter (from register_backup_table_size to
                        0)
   75 0000002C         ; R2 -> register_backup_table array current item value
   76 0000002C         
   77 0000002C         backup_loop_init
   78 0000002C 480F            LDR              R0, =register_backup_table ; R0
                                                             points to the firs
                                                            t array item
   79 0000002E 4910            LDR              R1, =register_backup_table_size
   80 00000030 6809            LDR              R1, [R1]    ; R1 contains the n
                                                            umber of registers 
                                                            in the array
   81 00000032         
   82 00000032         backup_loop_iter
   83 00000032         ; Offset processing
   84 00000032 F850 2B04       LDR              R2, [R0], #4 ; R2 contains the 



ARM Macro Assembler    Page 3 


                                                            register_backup_tab
                                                            le current item (re
                                                            gister address)
   85 00000036         ; R0 points to the next register_backup_table item (uint
                       32_t items -> 4 bytes added to previous address)
   86 00000036         
   87 00000036         ; Register value backup
   88 00000036 6812            LDR              R2, [R2]    ; R2 contains now t
                                                            he register value t
                                                            o backup
   89 00000038 B404            PUSH             {R2}        ; Push register val
                                                            ue into the stack
   90 0000003A         
   91 0000003A         ; Loop iteration control
   92 0000003A 3901            SUBS             R1, #1      ; Decrement loop co
                                                            unter by 1 and upda
                                                            te APSR (Applicatio
                                                            n Processor Status 
                                                            Register)
   93 0000003C D1F9            BNE              backup_loop_iter ; Loop continu
                                                            es until Z flag is 
                                                            set (still array it
                                                            em to handle)
   94 0000003E         
   95 0000003E         backup_loop_end
   96 0000003E 4770            BX               LR          ; Return to caller
   97 00000040         
   98 00000040         restore_system_register
   99 00000040         ; R0 -> register_backup_table array current item address
                       
  100 00000040         ; R1 -> loop counter (from register_backup_table_size to
                        0)
  101 00000040         ; R2 -> register_backup_table array current item value
  102 00000040         
  103 00000040         restore_loop_init
  104 00000040 480A            LDR              R0, =register_backup_table ; R0
                                                             points to the firs
                                                            t array item
  105 00000042         
  106 00000042         ; Reverse loop: counter initial value processing
  107 00000042 490B            LDR              R1, =register_backup_table_size
  108 00000044 6809            LDR              R1, [R1]    ; R1 contains the n
                                                            umber of registers 
                                                            in the array
  109 00000046 F1A1 0101       SUB              R1, #1      ; R1 now contains l
                                                            ast array item inde
                                                            x (register_backup_
                                                            table_size - 1)
  110 0000004A         
  111 0000004A         ; Reverse loop: apply offset to current array index (poi
                       nt to last array element)
  112 0000004A EB00 0081       ADD              R0, R1, LSL #2 ; R0 now points 
                                                            to last array item 
                                                            (register_backup_ta
                                                            ble + (register_bac
                                                            kup_table_size - 1)
                                                             * 4)
  113 0000004E         
  114 0000004E F101 0101       ADD              R1, #1      ; Re-add 1 to R1 (a



ARM Macro Assembler    Page 4 


                                                            rray length)
  115 00000052         
  116 00000052         ; Reverse loop
  117 00000052         restore_loop_iter
  118 00000052         ; Offset processing
  119 00000052 F850 2904       LDR              R2, [R0], #-4 ; R2 contains the
                                                             register_backup_ta
                                                            ble current item (r
                                                            egister address)
  120 00000056         ; R0 now points to the previous register_backup_table it
                       em (uint32_t items -> 4 bytes subtracted to previous add
                       ress)
  121 00000056         
  122 00000056         ; Register value restoration
  123 00000056 BC08            POP              {R3}        ; Head of stack pop
                                                            ped into R3. R3 con
                                                            tains register valu
                                                            e to restore
  124 00000058 6013            STR              R3, [R2]    ; Write backuped va
                                                            lue into the regist
                                                            er
  125 0000005A         
  126 0000005A         ; Loop iteration control
  127 0000005A 3901            SUBS             R1, #1      ; Decrement loop co
                                                            unter by 1 and upda
                                                            te APSR (Applicatio
                                                            n Processor Status 
                                                            Register)
  128 0000005C D1F9            BNE              restore_loop_iter ; Loop contin
                                                            ues until Z flag is
                                                             set (still array i
                                                            tem to handle)
  129 0000005E         
  130 0000005E         restore_loop_end
  131 0000005E 4770            BX               LR          ; Return to caller
  132 00000060         
  133 00000060                 END
              00000000 
              00000000 
              00000000 
              00000000 
              00000000 
Command Line: --debug --xref --diag_suppress=9931 --cpu=Cortex-M33.no_dsp --fpu
=FPv5-SP --depend=ble_p2pclient\stm32wbaxx_resethandler_mdk-arm.d -oble_p2pclie
nt\stm32wbaxx_resethandler_mdk-arm.o -I.\RTE\_BLE_p2pClient -ID:\Keil5\ARM\CMSI
S\5.8.0\CMSIS\Core\Include --predefine="__UVISION_VERSION SETA 536" --predefine
="_RTE_ SETA 1" --predefine="STM32WBA55xx SETA 1" --predefine="_RTE_ SETA 1" --
list=stm32wbaxx_resethandler_mdk-arm.lst ../../../../../../Projects/Common/WPAN
/Startup/stm32wbaxx_ResetHandler_MDK-ARM.s



ARM Macro Assembler    Page 1 Alphabetic symbol ordering
Relocatable symbols

.text 00000000

Symbol: .text
   Definitions
      At line 23 in file ../../../../../../Projects/Common/WPAN/Startup/stm32wb
axx_ResetHandler_MDK-ARM.s
   Uses
      None
Comment: .text unused
CPUcontextRestore 00000022

Symbol: CPUcontextRestore
   Definitions
      At line 61 in file ../../../../../../Projects/Common/WPAN/Startup/stm32wb
axx_ResetHandler_MDK-ARM.s
   Uses
      At line 42 in file ../../../../../../Projects/Common/WPAN/Startup/stm32wb
axx_ResetHandler_MDK-ARM.s
Comment: CPUcontextRestore used once
CPUcontextSave 00000012

Symbol: CPUcontextSave
   Definitions
      At line 53 in file ../../../../../../Projects/Common/WPAN/Startup/stm32wb
axx_ResetHandler_MDK-ARM.s
   Uses
      At line 36 in file ../../../../../../Projects/Common/WPAN/Startup/stm32wb
axx_ResetHandler_MDK-ARM.s
Comment: CPUcontextSave used once
Reset_Handler 00000000

Symbol: Reset_Handler
   Definitions
      At line 26 in file ../../../../../../Projects/Common/WPAN/Startup/stm32wb
axx_ResetHandler_MDK-ARM.s
   Uses
      At line 27 in file ../../../../../../Projects/Common/WPAN/Startup/stm32wb
axx_ResetHandler_MDK-ARM.s
Comment: Reset_Handler used once
backup_loop_end 0000003E

Symbol: backup_loop_end
   Definitions
      At line 95 in file ../../../../../../Projects/Common/WPAN/Startup/stm32wb
axx_ResetHandler_MDK-ARM.s
   Uses
      None
Comment: backup_loop_end unused
backup_loop_init 0000002C

Symbol: backup_loop_init
   Definitions
      At line 77 in file ../../../../../../Projects/Common/WPAN/Startup/stm32wb
axx_ResetHandler_MDK-ARM.s
   Uses
      None
Comment: backup_loop_init unused
backup_loop_iter 00000032




ARM Macro Assembler    Page 2 Alphabetic symbol ordering
Relocatable symbols

Symbol: backup_loop_iter
   Definitions
      At line 82 in file ../../../../../../Projects/Common/WPAN/Startup/stm32wb
axx_ResetHandler_MDK-ARM.s
   Uses
      At line 93 in file ../../../../../../Projects/Common/WPAN/Startup/stm32wb
axx_ResetHandler_MDK-ARM.s
Comment: backup_loop_iter used once
backup_system_register 0000002C

Symbol: backup_system_register
   Definitions
      At line 72 in file ../../../../../../Projects/Common/WPAN/Startup/stm32wb
axx_ResetHandler_MDK-ARM.s
   Uses
      At line 37 in file ../../../../../../Projects/Common/WPAN/Startup/stm32wb
axx_ResetHandler_MDK-ARM.s
Comment: backup_system_register used once
restore_loop_end 0000005E

Symbol: restore_loop_end
   Definitions
      At line 130 in file ../../../../../../Projects/Common/WPAN/Startup/stm32w
baxx_ResetHandler_MDK-ARM.s
   Uses
      None
Comment: restore_loop_end unused
restore_loop_init 00000040

Symbol: restore_loop_init
   Definitions
      At line 103 in file ../../../../../../Projects/Common/WPAN/Startup/stm32w
baxx_ResetHandler_MDK-ARM.s
   Uses
      None
Comment: restore_loop_init unused
restore_loop_iter 00000052

Symbol: restore_loop_iter
   Definitions
      At line 117 in file ../../../../../../Projects/Common/WPAN/Startup/stm32w
baxx_ResetHandler_MDK-ARM.s
   Uses
      At line 128 in file ../../../../../../Projects/Common/WPAN/Startup/stm32w
baxx_ResetHandler_MDK-ARM.s
Comment: restore_loop_iter used once
restore_system_register 00000040

Symbol: restore_system_register
   Definitions
      At line 98 in file ../../../../../../Projects/Common/WPAN/Startup/stm32wb
axx_ResetHandler_MDK-ARM.s
   Uses
      At line 38 in file ../../../../../../Projects/Common/WPAN/Startup/stm32wb
axx_ResetHandler_MDK-ARM.s
Comment: restore_system_register used once
12 symbols



ARM Macro Assembler    Page 1 Alphabetic symbol ordering
External symbols

SystemInit 00000000

Symbol: SystemInit
   Definitions
      At line 29 in file ../../../../../../Projects/Common/WPAN/Startup/stm32wb
axx_ResetHandler_MDK-ARM.s
   Uses
      At line 46 in file ../../../../../../Projects/Common/WPAN/Startup/stm32wb
axx_ResetHandler_MDK-ARM.s
Comment: SystemInit used once
__main 00000000

Symbol: __main
   Definitions
      At line 30 in file ../../../../../../Projects/Common/WPAN/Startup/stm32wb
axx_ResetHandler_MDK-ARM.s
   Uses
      At line 48 in file ../../../../../../Projects/Common/WPAN/Startup/stm32wb
axx_ResetHandler_MDK-ARM.s
Comment: __main used once
backup_MSP 00000000

Symbol: backup_MSP
   Definitions
      At line 32 in file ../../../../../../Projects/Common/WPAN/Startup/stm32wb
axx_ResetHandler_MDK-ARM.s
   Uses
      At line 55 in file ../../../../../../Projects/Common/WPAN/Startup/stm32wb
axx_ResetHandler_MDK-ARM.s
      At line 66 in file ../../../../../../Projects/Common/WPAN/Startup/stm32wb
axx_ResetHandler_MDK-ARM.s

is_boot_from_standby 00000000

Symbol: is_boot_from_standby
   Definitions
      At line 31 in file ../../../../../../Projects/Common/WPAN/Startup/stm32wb
axx_ResetHandler_MDK-ARM.s
   Uses
      At line 40 in file ../../../../../../Projects/Common/WPAN/Startup/stm32wb
axx_ResetHandler_MDK-ARM.s
Comment: is_boot_from_standby used once
register_backup_table 00000000

Symbol: register_backup_table
   Definitions
      At line 33 in file ../../../../../../Projects/Common/WPAN/Startup/stm32wb
axx_ResetHandler_MDK-ARM.s
   Uses
      At line 78 in file ../../../../../../Projects/Common/WPAN/Startup/stm32wb
axx_ResetHandler_MDK-ARM.s
      At line 104 in file ../../../../../../Projects/Common/WPAN/Startup/stm32w
baxx_ResetHandler_MDK-ARM.s

register_backup_table_size 00000000

Symbol: register_backup_table_size
   Definitions
      At line 34 in file ../../../../../../Projects/Common/WPAN/Startup/stm32wb



ARM Macro Assembler    Page 2 Alphabetic symbol ordering
External symbols

axx_ResetHandler_MDK-ARM.s
   Uses
      At line 79 in file ../../../../../../Projects/Common/WPAN/Startup/stm32wb
axx_ResetHandler_MDK-ARM.s
      At line 107 in file ../../../../../../Projects/Common/WPAN/Startup/stm32w
baxx_ResetHandler_MDK-ARM.s

6 symbols
354 symbols in table
